 ›   Warning: @learnpack/learnpack update available from 5.0.13 to 5.0.54.
ⓘ Building the exercise index...
ⓘ Checking needed plugins...
ⓘ Checking needed dependencies...
ⓘ Building the exercise index...
✓ Exercises are running 😃 Open your browser to start practicing!
✓ 
            Open the exercise on this link:
            https://bookish-space-trout-695qpqv6qw9qh5xvv-3000.app.github.dev
Ready to compile or test...
Ready to compile or test...

Building exercise 06-your-first-test with node...
10


Building exercise 07-running-the-test with node...
10


Building exercise 07.1-analysing-the-test with node...
10


Building exercise 07.2-second-analysis with node...
10



(node:20868) MaxListenersExceededWarning: Possible EventEmitter memory leak detected. 31 close listeners added to [Server]. Use emitter.setMaxListeners() to increase limit
(Use `node --trace-warnings ...` to show where the warning was created)

Building exercise 08-planning with node...
10





Building exercise 09-the-first-test with node...
10




Building exercise 10-implementing-the-function with node...
10


 ›   Warning: @learnpack/learnpack update available from 5.0.13 to 5.0.54.
ⓘ Building the exercise index...
ⓘ Checking needed plugins...
ⓘ Checking needed dependencies...
ⓘ Building the exercise index...
✓ Exercises are running 😃 Open your browser to start practicing!
✓ 
            Open the exercise on this link:
            https://bookish-space-trout-695qpqv6qw9qh5xvv-3000.app.github.dev
Ready to compile or test...
Ready to compile or test...
Ready to compile or test...
